<?xml version="1.0" encoding="UTF-8" standalone="yes"?>

<testsuite name="All RB tests">
<testsuite name="audit tests">
<test name="testAudit(test.xpdev.refactory.audits.AuditTest)"/>
<testsuite name="Graph">
<testsuite name="Dependecies Graph Test">
<test name="testMatrixResize(com.aqris.common.util.graph.WeightedGraphTest)"/>
<test name="testDistance1(com.aqris.common.util.graph.WeightedGraphTest)"/>
<test name="testDistance2(com.aqris.common.util.graph.WeightedGraphTest)"/>
<test name="testDistance3(com.aqris.common.util.graph.WeightedGraphTest)"/>
<test name="testDistance4(com.aqris.common.util.graph.WeightedGraphTest)"/>
<test name="testDistance5(com.aqris.common.util.graph.WeightedGraphTest)"/>
<test name="testDistance6(com.aqris.common.util.graph.WeightedGraphTest)"/>
<test name="testDistance7(com.aqris.common.util.graph.WeightedGraphTest)"/>
<test name="testDependencyEntries(com.aqris.common.util.graph.WeightedGraphTest)"/>
</testsuite>
</testsuite>
</testsuite>
<testsuite name="Report Generation tests">
<testsuite name="test.xpdev.refactory.reports.XMLReportGenerationTest">
<test name="testNotUsedXMLFile(test.xpdev.refactory.reports.XMLReportGenerationTest)"/>
<test name="testMetricsXMLFile(test.xpdev.refactory.reports.XMLReportGenerationTest)"/>
<test name="testAuditsXMLFile(test.xpdev.refactory.reports.XMLReportGenerationTest)"/>
</testsuite>
</testsuite>
</testsuite>
